Build started 2012-2-27 14:55:14.
     1>Project "E:\ultravnc\UltraVNC\zipunzip_src\zip20\windll\visualc\lib\zip32.vcxproj" on node 3 (build target(s)).
     1>InitializeBuildStatus:
         Creating ".\Debug\zip32.unsuccessfulbuild" because "AlwaysCreate" was specified.
       ClCompile:
         C:\Program Files\Microsoft Visual Studio 10.0\VC\bin\CL.exe /c /I..\..\.. /I..\..\..\win32 /I..\..\..\windll /Z7 /nologo /W3 /WX- /Od /Oy- /D _DEBUG /D _WINDOWS /D WIN32 /D NO_ASM /D WINDLL /D MSDOS /D USE_ZIPMAIN /D ZIPLIB /D _VC80_UPGRADE=0x0600 /Gm- /EHsc /MTd /GS /fp:precise /Zc:wchar_t /Zc:forScope /Fo".\Debug/" /Fd".\Debug/vc100.pdb" /Gd /TC /analyze- /errorReport:prompt ..\..\..\api.c ..\..\..\crc32.c ..\..\..\crctab.c ..\..\..\crypt.c ..\..\..\deflate.c ..\..\..\fileio.c ..\..\..\globals.c ..\..\..\win32\nt.c ..\..\..\trees.c ..\..\..\ttyio.c ..\..\..\util.c ..\..\..\win32\win32.c ..\..\..\win32\win32zip.c ..\..\windll.c ..\..\..\zip.c ..\..\..\zipfile.c ..\..\..\zipup.c
         api.c
     1>..\..\..\api.c(112): warning C4996: 'strcpy': This function or variable may be unsafe. Consider using strcpy_s instead. To disable deprecation, use _CRT_SECURE_NO_WARNINGS. See online help for details.
                 C:\Program Files\Microsoft Visual Studio 10.0\VC\include\string.h(105) : see declaration of 'strcpy'
     1>..\..\..\api.c(141): warning C4996: 'strncat': This function or variable may be unsafe. Consider using strncat_s instead. To disable deprecation, use _CRT_SECURE_NO_WARNINGS. See online help for details.
                 C:\Program Files\Microsoft Visual Studio 10.0\VC\include\string.h(175) : see declaration of 'strncat'
     1>..\..\..\api.c(146): warning C4996: 'strncat': This function or variable may be unsafe. Consider using strncat_s instead. To disable deprecation, use _CRT_SECURE_NO_WARNINGS. See online help for details.
                 C:\Program Files\Microsoft Visual Studio 10.0\VC\include\string.h(175) : see declaration of 'strncat'
     1>..\..\..\api.c(151): warning C4996: 'strncat': This function or variable may be unsafe. Consider using strncat_s instead. To disable deprecation, use _CRT_SECURE_NO_WARNINGS. See online help for details.
                 C:\Program Files\Microsoft Visual Studio 10.0\VC\include\string.h(175) : see declaration of 'strncat'
     1>..\..\..\api.c(188): warning C4996: 'strcpy': This function or variable may be unsafe. Consider using strcpy_s instead. To disable deprecation, use _CRT_SECURE_NO_WARNINGS. See online help for details.
                 C:\Program Files\Microsoft Visual Studio 10.0\VC\include\string.h(105) : see declaration of 'strcpy'
         crc32.c
         crctab.c
         crypt.c
         deflate.c
         fileio.c
         globals.c
         nt.c
         trees.c
         ttyio.c
         util.c
         win32.c
     1>..\..\..\win32\win32.c(324): warning C4244: 'return' : conversion from 'time_t' to 'int', possible loss of data
         win32zip.c
     1>..\..\..\win32\win32zip.c(658): warning C4013: 'printff' undefined; assuming extern returning int
         windll.c
     1>..\..\windll.c(123): warning C4996: 'sprintf': This function or variable may be unsafe. Consider using sprintf_s instead. To disable deprecation, use _CRT_SECURE_NO_WARNINGS. See online help for details.
                 C:\Program Files\Microsoft Visual Studio 10.0\VC\include\stdio.h(371) : see declaration of 'sprintf'
     1>..\..\windll.c(129): warning C4996: 'sprintf': This function or variable may be unsafe. Consider using sprintf_s instead. To disable deprecation, use _CRT_SECURE_NO_WARNINGS. See online help for details.
                 C:\Program Files\Microsoft Visual Studio 10.0\VC\include\stdio.h(371) : see declaration of 'sprintf'
     1>..\..\windll.c(132): warning C4996: 'sprintf': This function or variable may be unsafe. Consider using sprintf_s instead. To disable deprecation, use _CRT_SECURE_NO_WARNINGS. See online help for details.
                 C:\Program Files\Microsoft Visual Studio 10.0\VC\include\stdio.h(371) : see declaration of 'sprintf'
         zip.c
         zipfile.c
         zipup.c
     1>..\..\..\zipup.c(1113): warning C4013: 'deflate_copy' undefined; assuming extern returning int
         Generating Code...
       ResourceCompile:
         C:\Program Files\Microsoft SDKs\Windows\v7.0A\bin\rc.exe /D _VC80_UPGRADE=0x0600 /l"0x0409" /I"\DATA\ultravnc\UltraVNC Project Root\UltraVNC\zipunzip_src\zip20\windll" /nologo /fo".\Debug\windll.res" ..\..\windll.rc 
       Lib:
         C:\Program Files\Microsoft Visual Studio 10.0\VC\bin\Lib.exe /OUT:".\..\Debug\libs\zip32.lib" /NOLOGO .\Debug\windll.res
         .\Debug/api.obj
         .\Debug/crc32.obj
         .\Debug/crctab.obj
         .\Debug/crypt.obj
         .\Debug/deflate.obj
         .\Debug/fileio.obj
         .\Debug/globals.obj
         .\Debug/nt.obj
         .\Debug/trees.obj
         .\Debug/ttyio.obj
         .\Debug/util.obj
         .\Debug/win32.obj
         .\Debug/win32zip.obj
         .\Debug/windll.obj
         .\Debug/zip.obj
         .\Debug/zipfile.obj
         .\Debug/zipup.obj
     1>LINK : warning LNK4068: /MACHINE not specified; defaulting to X86
         zip32.vcxproj -> E:\ultravnc\UltraVNC\zipunzip_src\zip20\windll\visualc\lib\.\..\Debug\libs\zip32.lib
       FinalizeBuildStatus:
         Deleting file ".\Debug\zip32.unsuccessfulbuild".
         Touching ".\Debug\zip32.lastbuildstate".
     1>Done Building Project "E:\ultravnc\UltraVNC\zipunzip_src\zip20\windll\visualc\lib\zip32.vcxproj" (build target(s)).

Build succeeded.

Time Elapsed 00:00:09.45
