Build started 2012-2-27 14:55:24.
     1>Project "E:\ultravnc\UltraVNC\avilog\avilog\avilog.vcxproj" on node 3 (build target(s)).
     1>InitializeBuildStatus:
         Creating "Debug\avilog.unsuccessfulbuild" because "AlwaysCreate" was specified.
       ClCompile:
         Deleting file "Debug\avilog.pch".
         C:\Program Files\Microsoft Visual Studio 10.0\VC\bin\CL.exe /c /ZI /nologo /W3 /WX- /Od /Oy- /D WIN32 /D _DEBUG /D _LIB /D _MBCS /Gm /EHsc /RTC1 /MTd /GS /fp:precise /Zc:wchar_t /Zc:forScope /Yc"StdAfx.h" /Fp"Debug\avilog.pch" /Fo"Debug\\" /Fd"Debug\vc100.pdb" /Gd /TP /analyze- /errorReport:prompt stdafx.cpp
         stdafx.cpp
         C:\Program Files\Microsoft Visual Studio 10.0\VC\bin\CL.exe /c /ZI /nologo /W3 /WX- /Od /Oy- /D WIN32 /D _DEBUG /D _LIB /D _MBCS /Gm /EHsc /RTC1 /MTd /GS /fp:precise /Zc:wchar_t /Zc:forScope /Yu"StdAfx.h" /Fp"Debug\avilog.pch" /Fo"Debug\\" /Fd"Debug\vc100.pdb" /Gd /TP /analyze- /errorReport:prompt AVIGenerator.cpp
         AVIGenerator.cpp
              _Adding library: vfw32.lib
     1>e:\ultravnc\ultravnc\avilog\avilog\avigenerator.h(108): warning C4996: 'strcpy': This function or variable may be unsafe. Consider using strcpy_s instead. To disable deprecation, use _CRT_SECURE_NO_WARNINGS. See online help for details.
                 c:\program files\microsoft visual studio 10.0\vc\include\string.h(105) : see declaration of 'strcpy'
     1>e:\ultravnc\ultravnc\avilog\avilog\avigenerator.cpp(40): warning C4996: 'strcpy': This function or variable may be unsafe. Consider using strcpy_s instead. To disable deprecation, use _CRT_SECURE_NO_WARNINGS. See online help for details.
                 c:\program files\microsoft visual studio 10.0\vc\include\string.h(105) : see declaration of 'strcpy'
     1>e:\ultravnc\ultravnc\avilog\avilog\avigenerator.cpp(41): warning C4996: 'strcpy': This function or variable may be unsafe. Consider using strcpy_s instead. To disable deprecation, use _CRT_SECURE_NO_WARNINGS. See online help for details.
                 c:\program files\microsoft visual studio 10.0\vc\include\string.h(105) : see declaration of 'strcpy'
     1>e:\ultravnc\ultravnc\avilog\avilog\avigenerator.cpp(42): warning C4996: 'strcat': This function or variable may be unsafe. Consider using strcat_s instead. To disable deprecation, use _CRT_SECURE_NO_WARNINGS. See online help for details.
                 c:\program files\microsoft visual studio 10.0\vc\include\string.h(110) : see declaration of 'strcat'
     1>e:\ultravnc\ultravnc\avilog\avilog\avigenerator.cpp(43): warning C4996: 'strcat': This function or variable may be unsafe. Consider using strcat_s instead. To disable deprecation, use _CRT_SECURE_NO_WARNINGS. See online help for details.
                 c:\program files\microsoft visual studio 10.0\vc\include\string.h(110) : see declaration of 'strcat'
     1>e:\ultravnc\ultravnc\avilog\avilog\avigenerator.cpp(44): warning C4996: 'strcat': This function or variable may be unsafe. Consider using strcat_s instead. To disable deprecation, use _CRT_SECURE_NO_WARNINGS. See online help for details.
                 c:\program files\microsoft visual studio 10.0\vc\include\string.h(110) : see declaration of 'strcat'
     1>e:\ultravnc\ultravnc\avilog\avilog\avigenerator.cpp(45): warning C4996: 'strcat': This function or variable may be unsafe. Consider using strcat_s instead. To disable deprecation, use _CRT_SECURE_NO_WARNINGS. See online help for details.
                 c:\program files\microsoft visual studio 10.0\vc\include\string.h(110) : see declaration of 'strcat'
     1>e:\ultravnc\ultravnc\avilog\avilog\avigenerator.cpp(114): warning C4996: 'strcpy': This function or variable may be unsafe. Consider using strcpy_s instead. To disable deprecation, use _CRT_SECURE_NO_WARNINGS. See online help for details.
                 c:\program files\microsoft visual studio 10.0\vc\include\string.h(105) : see declaration of 'strcpy'
     1>e:\ultravnc\ultravnc\avilog\avilog\avigenerator.cpp(121): warning C4996: 'strcpy': This function or variable may be unsafe. Consider using strcpy_s instead. To disable deprecation, use _CRT_SECURE_NO_WARNINGS. See online help for details.
                 c:\program files\microsoft visual studio 10.0\vc\include\string.h(105) : see declaration of 'strcpy'
     1>e:\ultravnc\ultravnc\avilog\avilog\avigenerator.cpp(138): warning C4996: 'strcpy': This function or variable may be unsafe. Consider using strcpy_s instead. To disable deprecation, use _CRT_SECURE_NO_WARNINGS. See online help for details.
                 c:\program files\microsoft visual studio 10.0\vc\include\string.h(105) : see declaration of 'strcpy'
     1>e:\ultravnc\ultravnc\avilog\avilog\avigenerator.cpp(143): warning C4996: 'strcat': This function or variable may be unsafe. Consider using strcat_s instead. To disable deprecation, use _CRT_SECURE_NO_WARNINGS. See online help for details.
                 c:\program files\microsoft visual studio 10.0\vc\include\string.h(110) : see declaration of 'strcat'
     1>e:\ultravnc\ultravnc\avilog\avilog\avigenerator.cpp(146): warning C4996: 'strcat': This function or variable may be unsafe. Consider using strcat_s instead. To disable deprecation, use _CRT_SECURE_NO_WARNINGS. See online help for details.
                 c:\program files\microsoft visual studio 10.0\vc\include\string.h(110) : see declaration of 'strcat'
     1>e:\ultravnc\ultravnc\avilog\avilog\avigenerator.cpp(149): warning C4996: 'strcat': This function or variable may be unsafe. Consider using strcat_s instead. To disable deprecation, use _CRT_SECURE_NO_WARNINGS. See online help for details.
                 c:\program files\microsoft visual studio 10.0\vc\include\string.h(110) : see declaration of 'strcat'
     1>e:\ultravnc\ultravnc\avilog\avilog\avigenerator.cpp(152): warning C4996: 'strcat': This function or variable may be unsafe. Consider using strcat_s instead. To disable deprecation, use _CRT_SECURE_NO_WARNINGS. See online help for details.
                 c:\program files\microsoft visual studio 10.0\vc\include\string.h(110) : see declaration of 'strcat'
     1>e:\ultravnc\ultravnc\avilog\avilog\avigenerator.cpp(155): warning C4996: 'strcat': This function or variable may be unsafe. Consider using strcat_s instead. To disable deprecation, use _CRT_SECURE_NO_WARNINGS. See online help for details.
                 c:\program files\microsoft visual studio 10.0\vc\include\string.h(110) : see declaration of 'strcat'
     1>e:\ultravnc\ultravnc\avilog\avilog\avigenerator.cpp(181): warning C4996: 'strcpy': This function or variable may be unsafe. Consider using strcpy_s instead. To disable deprecation, use _CRT_SECURE_NO_WARNINGS. See online help for details.
                 c:\program files\microsoft visual studio 10.0\vc\include\string.h(105) : see declaration of 'strcpy'
     1>e:\ultravnc\ultravnc\avilog\avilog\avigenerator.cpp(184): warning C4996: 'strcat': This function or variable may be unsafe. Consider using strcat_s instead. To disable deprecation, use _CRT_SECURE_NO_WARNINGS. See online help for details.
                 c:\program files\microsoft visual studio 10.0\vc\include\string.h(110) : see declaration of 'strcat'
     1>e:\ultravnc\ultravnc\avilog\avilog\avigenerator.cpp(198): warning C4996: 'fopen': This function or variable may be unsafe. Consider using fopen_s instead. To disable deprecation, use _CRT_SECURE_NO_WARNINGS. See online help for details.
                 c:\program files\microsoft visual studio 10.0\vc\include\stdio.h(234) : see declaration of 'fopen'
     1>e:\ultravnc\ultravnc\avilog\avilog\avigenerator.cpp(239): warning C4996: 'strcpy': This function or variable may be unsafe. Consider using strcpy_s instead. To disable deprecation, use _CRT_SECURE_NO_WARNINGS. See online help for details.
                 c:\program files\microsoft visual studio 10.0\vc\include\string.h(105) : see declaration of 'strcpy'
     1>e:\ultravnc\ultravnc\avilog\avilog\avigenerator.cpp(244): warning C4996: 'strcat': This function or variable may be unsafe. Consider using strcat_s instead. To disable deprecation, use _CRT_SECURE_NO_WARNINGS. See online help for details.
                 c:\program files\microsoft visual studio 10.0\vc\include\string.h(110) : see declaration of 'strcat'
     1>e:\ultravnc\ultravnc\avilog\avilog\avigenerator.cpp(247): warning C4996: 'strcat': This function or variable may be unsafe. Consider using strcat_s instead. To disable deprecation, use _CRT_SECURE_NO_WARNINGS. See online help for details.
                 c:\program files\microsoft visual studio 10.0\vc\include\string.h(110) : see declaration of 'strcat'
     1>e:\ultravnc\ultravnc\avilog\avilog\avigenerator.cpp(250): warning C4996: 'strcat': This function or variable may be unsafe. Consider using strcat_s instead. To disable deprecation, use _CRT_SECURE_NO_WARNINGS. See online help for details.
                 c:\program files\microsoft visual studio 10.0\vc\include\string.h(110) : see declaration of 'strcat'
     1>e:\ultravnc\ultravnc\avilog\avilog\avigenerator.cpp(266): warning C4996: 'strcpy': This function or variable may be unsafe. Consider using strcpy_s instead. To disable deprecation, use _CRT_SECURE_NO_WARNINGS. See online help for details.
                 c:\program files\microsoft visual studio 10.0\vc\include\string.h(105) : see declaration of 'strcpy'
     1>e:\ultravnc\ultravnc\avilog\avilog\avigenerator.cpp(280): warning C4996: 'fopen': This function or variable may be unsafe. Consider using fopen_s instead. To disable deprecation, use _CRT_SECURE_NO_WARNINGS. See online help for details.
                 c:\program files\microsoft visual studio 10.0\vc\include\stdio.h(234) : see declaration of 'fopen'
     1>e:\ultravnc\ultravnc\avilog\avilog\avigenerator.cpp(373): warning C4996: 'strcat': This function or variable may be unsafe. Consider using strcat_s instead. To disable deprecation, use _CRT_SECURE_NO_WARNINGS. See online help for details.
                 c:\program files\microsoft visual studio 10.0\vc\include\string.h(110) : see declaration of 'strcat'
       Lib:
         C:\Program Files\Microsoft Visual Studio 10.0\VC\bin\Lib.exe /OUT:"E:\ultravnc\UltraVNC\winvnc\Debug\avilog.lib" /NOLOGO Debug\AVIGenerator.obj
         Debug\stdafx.obj
         avilog.vcxproj -> E:\ultravnc\UltraVNC\winvnc\Debug\avilog.lib
       FinalizeBuildStatus:
         Deleting file "Debug\avilog.unsuccessfulbuild".
         Touching "Debug\avilog.lastbuildstate".
     1>Done Building Project "E:\ultravnc\UltraVNC\avilog\avilog\avilog.vcxproj" (build target(s)).

Build succeeded.

Time Elapsed 00:00:02.29
