E:\ultravnc\UltraVNC\libjpeg-turbo-win\ReleaseLib-Static\cl.command.1.tlog
E:\ultravnc\UltraVNC\libjpeg-turbo-win\ReleaseLib-Static\CL.read.1.tlog
E:\ultravnc\UltraVNC\libjpeg-turbo-win\ReleaseLib-Static\CL.write.1.tlog
E:\ultravnc\UltraVNC\libjpeg-turbo-win\ReleaseLib-Static\custombuild.command.1.tlog
E:\ultravnc\UltraVNC\libjpeg-turbo-win\ReleaseLib-Static\custombuild.read.1.tlog
E:\ultravnc\UltraVNC\libjpeg-turbo-win\ReleaseLib-Static\custombuild.write.1.tlog
E:\ULTRAVNC\ULTRAVNC\LIBJPEG-TURBO-WIN\RELEASELIB-STATIC\JCAPIMIN.OBJ
E:\ULTRAVNC\ULTRAVNC\LIBJPEG-TURBO-WIN\RELEASELIB-STATIC\JCAPISTD.OBJ
E:\ULTRAVNC\ULTRAVNC\LIBJPEG-TURBO-WIN\RELEASELIB-STATIC\JCCOEFCT.OBJ
E:\ULTRAVNC\ULTRAVNC\LIBJPEG-TURBO-WIN\RELEASELIB-STATIC\JCCOLOR.OBJ
E:\ULTRAVNC\ULTRAVNC\LIBJPEG-TURBO-WIN\RELEASELIB-STATIC\JCDCTMGR.OBJ
E:\ULTRAVNC\ULTRAVNC\LIBJPEG-TURBO-WIN\RELEASELIB-STATIC\JCHUFF.OBJ
E:\ULTRAVNC\ULTRAVNC\LIBJPEG-TURBO-WIN\RELEASELIB-STATIC\JCINIT.OBJ
E:\ULTRAVNC\ULTRAVNC\LIBJPEG-TURBO-WIN\RELEASELIB-STATIC\JCMAINCT.OBJ
E:\ULTRAVNC\ULTRAVNC\LIBJPEG-TURBO-WIN\RELEASELIB-STATIC\JCMARKER.OBJ
E:\ULTRAVNC\ULTRAVNC\LIBJPEG-TURBO-WIN\RELEASELIB-STATIC\JCMASTER.OBJ
E:\ULTRAVNC\ULTRAVNC\LIBJPEG-TURBO-WIN\RELEASELIB-STATIC\JCOMAPI.OBJ
E:\ULTRAVNC\ULTRAVNC\LIBJPEG-TURBO-WIN\RELEASELIB-STATIC\JCPARAM.OBJ
E:\ULTRAVNC\ULTRAVNC\LIBJPEG-TURBO-WIN\RELEASELIB-STATIC\JCPHUFF.OBJ
E:\ULTRAVNC\ULTRAVNC\LIBJPEG-TURBO-WIN\RELEASELIB-STATIC\JCPREPCT.OBJ
E:\ULTRAVNC\ULTRAVNC\LIBJPEG-TURBO-WIN\RELEASELIB-STATIC\JCSAMPLE.OBJ
E:\ULTRAVNC\ULTRAVNC\LIBJPEG-TURBO-WIN\RELEASELIB-STATIC\JCTRANS.OBJ
E:\ULTRAVNC\ULTRAVNC\LIBJPEG-TURBO-WIN\RELEASELIB-STATIC\JDAPIMIN.OBJ
E:\ULTRAVNC\ULTRAVNC\LIBJPEG-TURBO-WIN\RELEASELIB-STATIC\JDAPISTD.OBJ
E:\ULTRAVNC\ULTRAVNC\LIBJPEG-TURBO-WIN\RELEASELIB-STATIC\JDATADST.OBJ
E:\ULTRAVNC\ULTRAVNC\LIBJPEG-TURBO-WIN\RELEASELIB-STATIC\JDATASRC.OBJ
E:\ULTRAVNC\ULTRAVNC\LIBJPEG-TURBO-WIN\RELEASELIB-STATIC\JDCOEFCT.OBJ
E:\ULTRAVNC\ULTRAVNC\LIBJPEG-TURBO-WIN\RELEASELIB-STATIC\JDCOLOR.OBJ
E:\ULTRAVNC\ULTRAVNC\LIBJPEG-TURBO-WIN\RELEASELIB-STATIC\JDDCTMGR.OBJ
E:\ULTRAVNC\ULTRAVNC\LIBJPEG-TURBO-WIN\RELEASELIB-STATIC\JDHUFF.OBJ
E:\ULTRAVNC\ULTRAVNC\LIBJPEG-TURBO-WIN\RELEASELIB-STATIC\JDINPUT.OBJ
E:\ULTRAVNC\ULTRAVNC\LIBJPEG-TURBO-WIN\RELEASELIB-STATIC\JDMAINCT.OBJ
E:\ULTRAVNC\ULTRAVNC\LIBJPEG-TURBO-WIN\RELEASELIB-STATIC\JDMARKER.OBJ
E:\ULTRAVNC\ULTRAVNC\LIBJPEG-TURBO-WIN\RELEASELIB-STATIC\JDMASTER.OBJ
E:\ULTRAVNC\ULTRAVNC\LIBJPEG-TURBO-WIN\RELEASELIB-STATIC\JDMERGE.OBJ
E:\ULTRAVNC\ULTRAVNC\LIBJPEG-TURBO-WIN\RELEASELIB-STATIC\JDPHUFF.OBJ
E:\ULTRAVNC\ULTRAVNC\LIBJPEG-TURBO-WIN\RELEASELIB-STATIC\JDPOSTCT.OBJ
E:\ULTRAVNC\ULTRAVNC\LIBJPEG-TURBO-WIN\RELEASELIB-STATIC\JDSAMPLE.OBJ
E:\ULTRAVNC\ULTRAVNC\LIBJPEG-TURBO-WIN\RELEASELIB-STATIC\JDTRANS.OBJ
E:\ULTRAVNC\ULTRAVNC\LIBJPEG-TURBO-WIN\RELEASELIB-STATIC\JERROR.OBJ
E:\ULTRAVNC\ULTRAVNC\LIBJPEG-TURBO-WIN\RELEASELIB-STATIC\JFDCTFLT.OBJ
E:\ULTRAVNC\ULTRAVNC\LIBJPEG-TURBO-WIN\RELEASELIB-STATIC\JFDCTFST.OBJ
E:\ULTRAVNC\ULTRAVNC\LIBJPEG-TURBO-WIN\RELEASELIB-STATIC\JFDCTINT.OBJ
E:\ULTRAVNC\ULTRAVNC\LIBJPEG-TURBO-WIN\RELEASELIB-STATIC\JIDCTFLT.OBJ
E:\ULTRAVNC\ULTRAVNC\LIBJPEG-TURBO-WIN\RELEASELIB-STATIC\JIDCTFST.OBJ
E:\ULTRAVNC\ULTRAVNC\LIBJPEG-TURBO-WIN\RELEASELIB-STATIC\JIDCTINT.OBJ
E:\ULTRAVNC\ULTRAVNC\LIBJPEG-TURBO-WIN\RELEASELIB-STATIC\JIDCTRED.OBJ
E:\ULTRAVNC\ULTRAVNC\LIBJPEG-TURBO-WIN\RELEASELIB-STATIC\JMEMMGR.OBJ
E:\ULTRAVNC\ULTRAVNC\LIBJPEG-TURBO-WIN\RELEASELIB-STATIC\JMEMNOBS.OBJ
E:\ULTRAVNC\ULTRAVNC\LIBJPEG-TURBO-WIN\RELEASELIB-STATIC\JQUANT1.OBJ
E:\ULTRAVNC\ULTRAVNC\LIBJPEG-TURBO-WIN\RELEASELIB-STATIC\JQUANT2.OBJ
E:\ULTRAVNC\ULTRAVNC\LIBJPEG-TURBO-WIN\RELEASELIB-STATIC\JSIMD_I386.OBJ
E:\ULTRAVNC\ULTRAVNC\LIBJPEG-TURBO-WIN\RELEASELIB-STATIC\JUTILS.OBJ
E:\ultravnc\UltraVNC\libjpeg-turbo-win\ReleaseLib-Static\lib.command.1.tlog
E:\ultravnc\UltraVNC\libjpeg-turbo-win\ReleaseLib-Static\Lib-link.read.1.tlog
E:\ultravnc\UltraVNC\libjpeg-turbo-win\ReleaseLib-Static\Lib-link.write.1.tlog
E:\ULTRAVNC\ULTRAVNC\LIBJPEG-TURBO-WIN\RELEASELIB-STATIC\VC100.PDB
E:\ULTRAVNC\ULTRAVNC\WINVNC\RELEASELIB-STATIC\JCCOLMMX.OBJ
E:\ULTRAVNC\ULTRAVNC\WINVNC\RELEASELIB-STATIC\JCCOLSS2.OBJ
E:\ULTRAVNC\ULTRAVNC\WINVNC\RELEASELIB-STATIC\JCQNT3DN.OBJ
E:\ULTRAVNC\ULTRAVNC\WINVNC\RELEASELIB-STATIC\JCQNTMMX.OBJ
E:\ULTRAVNC\ULTRAVNC\WINVNC\RELEASELIB-STATIC\JCQNTS2F.OBJ
E:\ULTRAVNC\ULTRAVNC\WINVNC\RELEASELIB-STATIC\JCQNTS2I.OBJ
E:\ULTRAVNC\ULTRAVNC\WINVNC\RELEASELIB-STATIC\JCQNTSSE.OBJ
E:\ULTRAVNC\ULTRAVNC\WINVNC\RELEASELIB-STATIC\JCSAMMMX.OBJ
E:\ULTRAVNC\ULTRAVNC\WINVNC\RELEASELIB-STATIC\JCSAMSS2.OBJ
E:\ULTRAVNC\ULTRAVNC\WINVNC\RELEASELIB-STATIC\JDCOLMMX.OBJ
E:\ULTRAVNC\ULTRAVNC\WINVNC\RELEASELIB-STATIC\JDCOLSS2.OBJ
E:\ULTRAVNC\ULTRAVNC\WINVNC\RELEASELIB-STATIC\JDMERMMX.OBJ
E:\ULTRAVNC\ULTRAVNC\WINVNC\RELEASELIB-STATIC\JDMERSS2.OBJ
E:\ULTRAVNC\ULTRAVNC\WINVNC\RELEASELIB-STATIC\JDSAMMMX.OBJ
E:\ULTRAVNC\ULTRAVNC\WINVNC\RELEASELIB-STATIC\JDSAMSS2.OBJ
E:\ULTRAVNC\ULTRAVNC\WINVNC\RELEASELIB-STATIC\JF3DNFLT.OBJ
E:\ULTRAVNC\ULTRAVNC\WINVNC\RELEASELIB-STATIC\JFMMXFST.OBJ
E:\ULTRAVNC\ULTRAVNC\WINVNC\RELEASELIB-STATIC\JFMMXINT.OBJ
E:\ULTRAVNC\ULTRAVNC\WINVNC\RELEASELIB-STATIC\JFSS2FST.OBJ
E:\ULTRAVNC\ULTRAVNC\WINVNC\RELEASELIB-STATIC\JFSS2INT.OBJ
E:\ULTRAVNC\ULTRAVNC\WINVNC\RELEASELIB-STATIC\JFSSEFLT.OBJ
E:\ULTRAVNC\ULTRAVNC\WINVNC\RELEASELIB-STATIC\JI3DNFLT.OBJ
E:\ULTRAVNC\ULTRAVNC\WINVNC\RELEASELIB-STATIC\JIMMXFST.OBJ
E:\ULTRAVNC\ULTRAVNC\WINVNC\RELEASELIB-STATIC\JIMMXINT.OBJ
E:\ULTRAVNC\ULTRAVNC\WINVNC\RELEASELIB-STATIC\JIMMXRED.OBJ
E:\ULTRAVNC\ULTRAVNC\WINVNC\RELEASELIB-STATIC\JISS2FLT.OBJ
E:\ULTRAVNC\ULTRAVNC\WINVNC\RELEASELIB-STATIC\JISS2FST.OBJ
E:\ULTRAVNC\ULTRAVNC\WINVNC\RELEASELIB-STATIC\JISS2INT.OBJ
E:\ULTRAVNC\ULTRAVNC\WINVNC\RELEASELIB-STATIC\JISS2RED.OBJ
E:\ULTRAVNC\ULTRAVNC\WINVNC\RELEASELIB-STATIC\JISSEFLT.OBJ
E:\ULTRAVNC\ULTRAVNC\WINVNC\RELEASELIB-STATIC\JSIMDCPU.OBJ
E:\ULTRAVNC\ULTRAVNC\WINVNC\RELEASELIB-STATIC\LIBJPEG-TURBO-WIN-STATIC.LIB
