E:\ultravnc\UltraVNC\zipunzip_src\zip20\windll\visualc\lib\.\..\Release\libs\zip32.lib
E:\ULTRAVNC\ULTRAVNC\ZIPUNZIP_SRC\ZIP20\WINDLL\VISUALC\LIB\RELEASE\API.OBJ
E:\ultravnc\UltraVNC\zipunzip_src\zip20\windll\visualc\lib\Release\cl.command.1.tlog
E:\ultravnc\UltraVNC\zipunzip_src\zip20\windll\visualc\lib\Release\CL.read.1.tlog
E:\ultravnc\UltraVNC\zipunzip_src\zip20\windll\visualc\lib\Release\CL.write.1.tlog
E:\ULTRAVNC\ULTRAVNC\ZIPUNZIP_SRC\ZIP20\WINDLL\VISUALC\LIB\RELEASE\CRC32.OBJ
E:\ULTRAVNC\ULTRAVNC\ZIPUNZIP_SRC\ZIP20\WINDLL\VISUALC\LIB\RELEASE\CRCTAB.OBJ
E:\ULTRAVNC\ULTRAVNC\ZIPUNZIP_SRC\ZIP20\WINDLL\VISUALC\LIB\RELEASE\CRYPT.OBJ
E:\ULTRAVNC\ULTRAVNC\ZIPUNZIP_SRC\ZIP20\WINDLL\VISUALC\LIB\RELEASE\DEFLATE.OBJ
E:\ULTRAVNC\ULTRAVNC\ZIPUNZIP_SRC\ZIP20\WINDLL\VISUALC\LIB\RELEASE\FILEIO.OBJ
E:\ULTRAVNC\ULTRAVNC\ZIPUNZIP_SRC\ZIP20\WINDLL\VISUALC\LIB\RELEASE\GLOBALS.OBJ
E:\ultravnc\UltraVNC\zipunzip_src\zip20\windll\visualc\lib\Release\lib.command.1.tlog
E:\ultravnc\UltraVNC\zipunzip_src\zip20\windll\visualc\lib\Release\Lib-link.256.read.1.tlog
E:\ultravnc\UltraVNC\zipunzip_src\zip20\windll\visualc\lib\Release\Lib-link.256.write.1.tlog
E:\ultravnc\UltraVNC\zipunzip_src\zip20\windll\visualc\lib\Release\Lib-link.256-cvtres.read.1.tlog
E:\ultravnc\UltraVNC\zipunzip_src\zip20\windll\visualc\lib\Release\Lib-link.256-cvtres.write.1.tlog
E:\ultravnc\UltraVNC\zipunzip_src\zip20\windll\visualc\lib\Release\Lib-link.read.1.tlog
E:\ultravnc\UltraVNC\zipunzip_src\zip20\windll\visualc\lib\Release\Lib-link.write.1.tlog
E:\ultravnc\UltraVNC\zipunzip_src\zip20\windll\visualc\lib\Release\Lib-link-cvtres.read.1.tlog
E:\ultravnc\UltraVNC\zipunzip_src\zip20\windll\visualc\lib\Release\Lib-link-cvtres.write.1.tlog
E:\ULTRAVNC\ULTRAVNC\ZIPUNZIP_SRC\ZIP20\WINDLL\VISUALC\LIB\RELEASE\NT.OBJ
E:\ultravnc\UltraVNC\zipunzip_src\zip20\windll\visualc\lib\Release\rc.command.1.tlog
E:\ultravnc\UltraVNC\zipunzip_src\zip20\windll\visualc\lib\Release\rc.read.1.tlog
E:\ultravnc\UltraVNC\zipunzip_src\zip20\windll\visualc\lib\Release\rc.write.1.tlog
E:\ULTRAVNC\ULTRAVNC\ZIPUNZIP_SRC\ZIP20\WINDLL\VISUALC\LIB\RELEASE\TREES.OBJ
E:\ULTRAVNC\ULTRAVNC\ZIPUNZIP_SRC\ZIP20\WINDLL\VISUALC\LIB\RELEASE\TTYIO.OBJ
E:\ULTRAVNC\ULTRAVNC\ZIPUNZIP_SRC\ZIP20\WINDLL\VISUALC\LIB\RELEASE\UTIL.OBJ
E:\ULTRAVNC\ULTRAVNC\ZIPUNZIP_SRC\ZIP20\WINDLL\VISUALC\LIB\RELEASE\VC100.PDB
E:\ULTRAVNC\ULTRAVNC\ZIPUNZIP_SRC\ZIP20\WINDLL\VISUALC\LIB\RELEASE\WIN32.OBJ
E:\ULTRAVNC\ULTRAVNC\ZIPUNZIP_SRC\ZIP20\WINDLL\VISUALC\LIB\RELEASE\WIN32ZIP.OBJ
E:\ULTRAVNC\ULTRAVNC\ZIPUNZIP_SRC\ZIP20\WINDLL\VISUALC\LIB\RELEASE\WINDLL.OBJ
E:\ULTRAVNC\ULTRAVNC\ZIPUNZIP_SRC\ZIP20\WINDLL\VISUALC\LIB\RELEASE\WINDLL.RES
E:\ULTRAVNC\ULTRAVNC\ZIPUNZIP_SRC\ZIP20\WINDLL\VISUALC\LIB\RELEASE\ZIP.OBJ
E:\ULTRAVNC\ULTRAVNC\ZIPUNZIP_SRC\ZIP20\WINDLL\VISUALC\LIB\RELEASE\ZIPFILE.OBJ
E:\ULTRAVNC\ULTRAVNC\ZIPUNZIP_SRC\ZIP20\WINDLL\VISUALC\LIB\RELEASE\ZIPUP.OBJ
E:\ULTRAVNC\ULTRAVNC\ZIPUNZIP_SRC\ZIP20\WINDLL\VISUALC\RELEASE\LIBS\ZIP32.LIB
