E:\ULTRAVNC\ULTRAVNC\ZLIB-1.2.5\CONTRIB\VSTUDIO\VC9\X86\ZLIBSTATRELEASE\TMP\ADLER32.OBJ
E:\ultravnc\UltraVNC\zlib-1.2.5\contrib\vstudio\vc9\x86\ZlibStatRelease\Tmp\cl.command.1.tlog
E:\ultravnc\UltraVNC\zlib-1.2.5\contrib\vstudio\vc9\x86\ZlibStatRelease\Tmp\CL.read.1.tlog
E:\ultravnc\UltraVNC\zlib-1.2.5\contrib\vstudio\vc9\x86\ZlibStatRelease\Tmp\CL.write.1.tlog
E:\ULTRAVNC\ULTRAVNC\ZLIB-1.2.5\CONTRIB\VSTUDIO\VC9\X86\ZLIBSTATRELEASE\TMP\COMPRESS.OBJ
E:\ULTRAVNC\ULTRAVNC\ZLIB-1.2.5\CONTRIB\VSTUDIO\VC9\X86\ZLIBSTATRELEASE\TMP\CRC32.OBJ
E:\ULTRAVNC\ULTRAVNC\ZLIB-1.2.5\CONTRIB\VSTUDIO\VC9\X86\ZLIBSTATRELEASE\TMP\DEFLATE.OBJ
E:\ULTRAVNC\ULTRAVNC\ZLIB-1.2.5\CONTRIB\VSTUDIO\VC9\X86\ZLIBSTATRELEASE\TMP\GZCLOSE.OBJ
E:\ULTRAVNC\ULTRAVNC\ZLIB-1.2.5\CONTRIB\VSTUDIO\VC9\X86\ZLIBSTATRELEASE\TMP\GZLIB.OBJ
E:\ULTRAVNC\ULTRAVNC\ZLIB-1.2.5\CONTRIB\VSTUDIO\VC9\X86\ZLIBSTATRELEASE\TMP\GZREAD.OBJ
E:\ULTRAVNC\ULTRAVNC\ZLIB-1.2.5\CONTRIB\VSTUDIO\VC9\X86\ZLIBSTATRELEASE\TMP\GZWRITE.OBJ
E:\ULTRAVNC\ULTRAVNC\ZLIB-1.2.5\CONTRIB\VSTUDIO\VC9\X86\ZLIBSTATRELEASE\TMP\INFBACK.OBJ
E:\ULTRAVNC\ULTRAVNC\ZLIB-1.2.5\CONTRIB\VSTUDIO\VC9\X86\ZLIBSTATRELEASE\TMP\INFFAST.OBJ
E:\ULTRAVNC\ULTRAVNC\ZLIB-1.2.5\CONTRIB\VSTUDIO\VC9\X86\ZLIBSTATRELEASE\TMP\INFLATE.OBJ
E:\ULTRAVNC\ULTRAVNC\ZLIB-1.2.5\CONTRIB\VSTUDIO\VC9\X86\ZLIBSTATRELEASE\TMP\INFTREES.OBJ
E:\ULTRAVNC\ULTRAVNC\ZLIB-1.2.5\CONTRIB\VSTUDIO\VC9\X86\ZLIBSTATRELEASE\TMP\IOAPI.OBJ
E:\ultravnc\UltraVNC\zlib-1.2.5\contrib\vstudio\vc9\x86\ZlibStatRelease\Tmp\lib.command.1.tlog
E:\ultravnc\UltraVNC\zlib-1.2.5\contrib\vstudio\vc9\x86\ZlibStatRelease\Tmp\Lib-link.read.1.tlog
E:\ultravnc\UltraVNC\zlib-1.2.5\contrib\vstudio\vc9\x86\ZlibStatRelease\Tmp\Lib-link.write.1.tlog
E:\ultravnc\UltraVNC\zlib-1.2.5\contrib\vstudio\vc9\x86\ZlibStatRelease\Tmp\Lib-link-cvtres.read.1.tlog
E:\ultravnc\UltraVNC\zlib-1.2.5\contrib\vstudio\vc9\x86\ZlibStatRelease\Tmp\Lib-link-cvtres.write.1.tlog
E:\ultravnc\UltraVNC\zlib-1.2.5\contrib\vstudio\vc9\x86\ZlibStatRelease\Tmp\rc.command.1.tlog
E:\ultravnc\UltraVNC\zlib-1.2.5\contrib\vstudio\vc9\x86\ZlibStatRelease\Tmp\rc.read.1.tlog
E:\ultravnc\UltraVNC\zlib-1.2.5\contrib\vstudio\vc9\x86\ZlibStatRelease\Tmp\rc.write.1.tlog
E:\ULTRAVNC\ULTRAVNC\ZLIB-1.2.5\CONTRIB\VSTUDIO\VC9\X86\ZLIBSTATRELEASE\TMP\TREES.OBJ
E:\ULTRAVNC\ULTRAVNC\ZLIB-1.2.5\CONTRIB\VSTUDIO\VC9\X86\ZLIBSTATRELEASE\TMP\UNCOMPR.OBJ
E:\ULTRAVNC\ULTRAVNC\ZLIB-1.2.5\CONTRIB\VSTUDIO\VC9\X86\ZLIBSTATRELEASE\TMP\UNZIP.OBJ
E:\ULTRAVNC\ULTRAVNC\ZLIB-1.2.5\CONTRIB\VSTUDIO\VC9\X86\ZLIBSTATRELEASE\TMP\ZIP.OBJ
E:\ULTRAVNC\ULTRAVNC\ZLIB-1.2.5\CONTRIB\VSTUDIO\VC9\X86\ZLIBSTATRELEASE\TMP\ZLIB.RES
E:\ULTRAVNC\ULTRAVNC\ZLIB-1.2.5\CONTRIB\VSTUDIO\VC9\X86\ZLIBSTATRELEASE\TMP\ZUTIL.OBJ
E:\ULTRAVNC\ULTRAVNC\ZLIB-1.2.5\CONTRIB\VSTUDIO\VC9\X86\ZLIBSTATRELEASE\VC100.PDB
E:\ULTRAVNC\ULTRAVNC\ZLIB-1.2.5\CONTRIB\VSTUDIO\VC9\X86\ZLIBSTATRELEASE\ZLIBSTAT.LIB
