Build started 2012-2-28 10:28:59.
     1>Project "E:\ultravnc\UltraVNC\rdr\rdr.vcxproj" on node 2 (rebuild target(s)).
     1>_PrepareForClean:
         Deleting file ".\Release\rdr.lastbuildstate".
       InitializeBuildStatus:
         Creating ".\Release\rdr.unsuccessfulbuild" because "AlwaysCreate" was specified.
       ClCompile:
         C:\Program Files\Microsoft Visual Studio 10.0\VC\bin\CL.exe /c /I.. /I../zlib /Zi /nologo /W3 /WX- /Ox /Ob2 /Oi /Ot /Oy- /GT /GL /D WIN32 /D NDEBUG /D _LIB /D _CRT_SECURE_NO_WARNINGS /D _MBCS /GF /Gm- /EHsc /MT /Zp16 /GS /Gy /fp:precise /Zc:wchar_t /Zc:forScope /Fo".\Release/" /Fd".\Release/vc100.pdb" /Gd /TP /analyze- /errorReport:prompt FdInStream.cxx FdOutStream.cxx InStream.cxx NullOutStream.cxx ZlibInStream.cxx ZlibOutStream.cxx
         FdInStream.cxx
         FdOutStream.cxx
         InStream.cxx
         NullOutStream.cxx
         ZlibInStream.cxx
         ZlibOutStream.cxx
       Lib:
         C:\Program Files\Microsoft Visual Studio 10.0\VC\bin\Lib.exe /OUT:".\Release\rdr.lib" /NOLOGO .\Release/FdInStream.obj
         .\Release/FdOutStream.obj
         .\Release/InStream.obj
         .\Release/NullOutStream.obj
         .\Release/ZlibInStream.obj
         .\Release/ZlibOutStream.obj /LTCG 
         rdr.vcxproj -> E:\ultravnc\UltraVNC\rdr\.\Release\rdr.lib
       FinalizeBuildStatus:
         Deleting file ".\Release\rdr.unsuccessfulbuild".
         Touching ".\Release\rdr.lastbuildstate".
     1>Done Building Project "E:\ultravnc\UltraVNC\rdr\rdr.vcxproj" (rebuild target(s)).

Build succeeded.

Time Elapsed 00:00:02.39
