E:\ULTRAVNC\ULTRAVNC\ZIPUNZIP_SRC\UNZIP\WINDLL\VC6\LIB\RELEASE\API.OBJ
E:\ultravnc\UltraVNC\zipunzip_src\unzip\windll\vc6\lib\Release\cl.command.1.tlog
E:\ultravnc\UltraVNC\zipunzip_src\unzip\windll\vc6\lib\Release\CL.read.1.tlog
E:\ultravnc\UltraVNC\zipunzip_src\unzip\windll\vc6\lib\Release\CL.write.1.tlog
E:\ULTRAVNC\ULTRAVNC\ZIPUNZIP_SRC\UNZIP\WINDLL\VC6\LIB\RELEASE\CRC_I386.OBJ
E:\ULTRAVNC\ULTRAVNC\ZIPUNZIP_SRC\UNZIP\WINDLL\VC6\LIB\RELEASE\CRC32.OBJ
E:\ULTRAVNC\ULTRAVNC\ZIPUNZIP_SRC\UNZIP\WINDLL\VC6\LIB\RELEASE\CRCTAB.OBJ
E:\ULTRAVNC\ULTRAVNC\ZIPUNZIP_SRC\UNZIP\WINDLL\VC6\LIB\RELEASE\CRYPT.OBJ
E:\ULTRAVNC\ULTRAVNC\ZIPUNZIP_SRC\UNZIP\WINDLL\VC6\LIB\RELEASE\EXPLODE.OBJ
E:\ULTRAVNC\ULTRAVNC\ZIPUNZIP_SRC\UNZIP\WINDLL\VC6\LIB\RELEASE\EXTRACT.OBJ
E:\ULTRAVNC\ULTRAVNC\ZIPUNZIP_SRC\UNZIP\WINDLL\VC6\LIB\RELEASE\FILEIO.OBJ
E:\ULTRAVNC\ULTRAVNC\ZIPUNZIP_SRC\UNZIP\WINDLL\VC6\LIB\RELEASE\GLOBALS.OBJ
E:\ULTRAVNC\ULTRAVNC\ZIPUNZIP_SRC\UNZIP\WINDLL\VC6\LIB\RELEASE\INFLATE.OBJ
E:\ultravnc\UltraVNC\zipunzip_src\unzip\windll\vc6\lib\Release\lib.command.1.tlog
E:\ultravnc\UltraVNC\zipunzip_src\unzip\windll\vc6\lib\Release\Lib-link.4040.read.1.tlog
E:\ultravnc\UltraVNC\zipunzip_src\unzip\windll\vc6\lib\Release\Lib-link.4040.write.1.tlog
E:\ultravnc\UltraVNC\zipunzip_src\unzip\windll\vc6\lib\Release\Lib-link.read.1.tlog
E:\ultravnc\UltraVNC\zipunzip_src\unzip\windll\vc6\lib\Release\Lib-link.write.1.tlog
E:\ULTRAVNC\ULTRAVNC\ZIPUNZIP_SRC\UNZIP\WINDLL\VC6\LIB\RELEASE\LIST.OBJ
E:\ULTRAVNC\ULTRAVNC\ZIPUNZIP_SRC\UNZIP\WINDLL\VC6\LIB\RELEASE\MATCH.OBJ
E:\ULTRAVNC\ULTRAVNC\ZIPUNZIP_SRC\UNZIP\WINDLL\VC6\LIB\RELEASE\NT.OBJ
E:\ULTRAVNC\ULTRAVNC\ZIPUNZIP_SRC\UNZIP\WINDLL\VC6\LIB\RELEASE\PROCESS.OBJ
E:\ULTRAVNC\ULTRAVNC\ZIPUNZIP_SRC\UNZIP\WINDLL\VC6\LIB\RELEASE\UNREDUCE.OBJ
E:\ULTRAVNC\ULTRAVNC\ZIPUNZIP_SRC\UNZIP\WINDLL\VC6\LIB\RELEASE\UNSHRINK.OBJ
E:\ULTRAVNC\ULTRAVNC\ZIPUNZIP_SRC\UNZIP\WINDLL\VC6\LIB\RELEASE\VC100.PDB
E:\ULTRAVNC\ULTRAVNC\ZIPUNZIP_SRC\UNZIP\WINDLL\VC6\LIB\RELEASE\WIN32.OBJ
E:\ULTRAVNC\ULTRAVNC\ZIPUNZIP_SRC\UNZIP\WINDLL\VC6\LIB\RELEASE\WINDLL.OBJ
E:\ULTRAVNC\ULTRAVNC\ZIPUNZIP_SRC\UNZIP\WINDLL\VC6\LIB\RELEASE\ZIPINFO.OBJ
E:\ULTRAVNC\ULTRAVNC\ZIPUNZIP_SRC\UNZIP\WINDLL\VC6\RELEASE\LIBS\UNZIP32.LIB
